<?xml version="1.0" encoding="UTF-8"?>
<robot generator="Robot 5.0.1 (Python 3.7.4 on win32)" generated="20221019 17:47:31.867" rpa="false" schemaversion="3">
<suite id="s1" name="BankOperations negativeScenarios" source="C:\Users\Z0042JXJ\Desktop\Self-study\TestingBankOperations\TestCases\BankOperations_negativeScenarios.robot">
<kw name="open bank site" library="Resources" type="SETUP">
<arg>${SiteUrl}</arg>
<arg>${browser}</arg>
<kw name="Open Browser" library="SeleniumLibrary">
<arg>${bankSite}</arg>
<arg>${browser}</arg>
<doc>Opens a new browser instance to the optional ``url``.</doc>
<msg timestamp="20221019 17:47:33.918" level="INFO">Opening browser 'Chrome' to base url 'https://www.globalsqa.com/angularJs-protractor/BankingProject/#/login'.</msg>
<status status="PASS" starttime="20221019 17:47:33.918" endtime="20221019 17:47:37.328"/>
</kw>
<status status="PASS" starttime="20221019 17:47:33.918" endtime="20221019 17:47:37.328"/>
</kw>
<test id="s1-t1" name="TC1_BankManager_workflow_negative" line="16">
<kw name="Bank manager operations">
<arg>${EMPTY}</arg>
<arg>Fisher</arg>
<arg>12345</arg>
<arg>Rupee</arg>
<kw name="Maximize Browser Window" library="SeleniumLibrary">
<doc>Maximizes current browser window.</doc>
<status status="PASS" starttime="20221019 17:47:37.332" endtime="20221019 17:47:37.459"/>
</kw>
<kw name="Set Selenium Implicit Wait" library="SeleniumLibrary">
<arg>3 seconds</arg>
<doc>Sets the implicit wait value used by Selenium.</doc>
<status status="PASS" starttime="20221019 17:47:37.460" endtime="20221019 17:47:37.461"/>
</kw>
<kw name="Set Selenium Speed" library="SeleniumLibrary">
<arg>0.5 seconds</arg>
<doc>Sets the delay that is waited after each Selenium command.</doc>
<status status="PASS" starttime="20221019 17:47:37.461" endtime="20221019 17:47:37.462"/>
</kw>
<kw name="Set Selenium Timeout" library="SeleniumLibrary">
<arg>5 seconds</arg>
<doc>Sets the timeout that is used by various keywords.</doc>
<status status="PASS" starttime="20221019 17:47:37.462" endtime="20221019 17:47:37.972"/>
</kw>
<kw name="go to home" library="Resources">
<kw name="Click Button" library="SeleniumLibrary">
<arg>${Home_btn}</arg>
<doc>Clicks the button identified by ``locator``.</doc>
<msg timestamp="20221019 17:47:37.972" level="INFO">Clicking button 'xpath://button[text()='Home']'.</msg>
<status status="PASS" starttime="20221019 17:47:37.972" endtime="20221019 17:47:40.604"/>
</kw>
<status status="PASS" starttime="20221019 17:47:37.972" endtime="20221019 17:47:40.604"/>
</kw>
<kw name="login as bank manager" library="Resources">
<kw name="Click Button" library="SeleniumLibrary">
<arg>${BM_login_btn}</arg>
<doc>Clicks the button identified by ``locator``.</doc>
<msg timestamp="20221019 17:47:40.604" level="INFO">Clicking button 'xpath://button[@ng-click='manager()']'.</msg>
<status status="PASS" starttime="20221019 17:47:40.604" endtime="20221019 17:47:43.168"/>
</kw>
<status status="PASS" starttime="20221019 17:47:40.604" endtime="20221019 17:47:43.168"/>
</kw>
<kw name="check alert for empty fields in add customer tab" library="Resources">
<arg>${FNAME}</arg>
<arg>${LNAME}</arg>
<arg>${PINCODE}</arg>
<kw name="Click Button" library="SeleniumLibrary">
<arg>${BM_addCx_tab}</arg>
<doc>Clicks the button identified by ``locator``.</doc>
<msg timestamp="20221019 17:47:43.168" level="INFO">Clicking button 'xpath://button[contains(text(), 'Add Customer')]'.</msg>
<status status="PASS" starttime="20221019 17:47:43.168" endtime="20221019 17:47:45.756"/>
</kw>
<kw name="Input Text" library="SeleniumLibrary">
<arg>${BM_addCx_tab_fName}</arg>
<arg>${fName}</arg>
<doc>Types the given ``text`` into the text field identified by ``locator``.</doc>
<msg timestamp="20221019 17:47:45.756" level="INFO">Typing text '' into text field 'xpath://input[@placeholder='First Name']'.</msg>
<status status="PASS" starttime="20221019 17:47:45.756" endtime="20221019 17:47:47.327"/>
</kw>
<kw name="Input Text" library="SeleniumLibrary">
<arg>${BM_addCx_tab_lName}</arg>
<arg>${lName}</arg>
<doc>Types the given ``text`` into the text field identified by ``locator``.</doc>
<msg timestamp="20221019 17:47:47.327" level="INFO">Typing text 'Fisher' into text field 'xpath://input[@placeholder='Last Name']'.</msg>
<status status="PASS" starttime="20221019 17:47:47.327" endtime="20221019 17:47:48.901"/>
</kw>
<kw name="Input Text" library="SeleniumLibrary">
<arg>${BM_addCx_tab_postCode}</arg>
<arg>${pincode}</arg>
<doc>Types the given ``text`` into the text field identified by ``locator``.</doc>
<msg timestamp="20221019 17:47:48.901" level="INFO">Typing text '12345' into text field 'xpath://input[@placeholder='Post Code']'.</msg>
<status status="PASS" starttime="20221019 17:47:48.901" endtime="20221019 17:47:50.487"/>
</kw>
<kw name="Click Button" library="SeleniumLibrary">
<arg>${BM_addCx_tab_btn}</arg>
<doc>Clicks the button identified by ``locator``.</doc>
<msg timestamp="20221019 17:47:50.487" level="INFO">Clicking button 'xpath://button[text()='Add Customer']'.</msg>
<status status="PASS" starttime="20221019 17:47:50.487" endtime="20221019 17:47:53.111"/>
</kw>
<kw name="Capture Page Screenshot" library="SeleniumLibrary">
<arg>../Results_negativeScenarios/${TEST NAME}.png</arg>
<doc>Takes a screenshot of the current page and embeds it into a log file.</doc>
<msg timestamp="20221019 17:47:53.842" level="INFO" html="true">&lt;/td&gt;&lt;/tr&gt;&lt;tr&gt;&lt;td colspan="3"&gt;&lt;a href="TC1_BankManager_workflow_negative.png"&gt;&lt;img src="TC1_BankManager_workflow_negative.png" width="800px"&gt;&lt;/a&gt;</msg>
<status status="PASS" starttime="20221019 17:47:53.111" endtime="20221019 17:47:53.842"/>
</kw>
<status status="PASS" starttime="20221019 17:47:43.168" endtime="20221019 17:47:53.843"/>
</kw>
<kw name="check alert for empty fields in open account tab" library="Resources">
<arg>${FNAME}</arg>
<arg>${LNAME}</arg>
<arg>${CURRENCY}</arg>
<kw name="Click Button" library="SeleniumLibrary">
<arg>${BM_openAcc_tab}</arg>
<doc>Clicks the button identified by ``locator``.</doc>
<msg timestamp="20221019 17:47:53.844" level="INFO">Clicking button 'xpath://button[contains(text(), 'Open Account')]'.</msg>
<status status="PASS" starttime="20221019 17:47:53.843" endtime="20221019 17:47:56.462"/>
</kw>
<kw name="Select From List By Label" library="SeleniumLibrary">
<arg>${BM_openAcc_tab_CxDropDownName}</arg>
<arg>---Customer Name---</arg>
<doc>Selects options from selection list ``locator`` by ``labels``.</doc>
<msg timestamp="20221019 17:47:56.462" level="INFO">Selecting options from selection list 'userSelect' by label ---Customer Name---.</msg>
<status status="PASS" starttime="20221019 17:47:56.462" endtime="20221019 17:47:59.018"/>
</kw>
<kw name="Select From List By Label" library="SeleniumLibrary">
<arg>${BM_openAcc_tab_currencyListName}</arg>
<arg>---Currency---</arg>
<doc>Selects options from selection list ``locator`` by ``labels``.</doc>
<msg timestamp="20221019 17:47:59.018" level="INFO">Selecting options from selection list 'currency' by label ---Currency---.</msg>
<status status="PASS" starttime="20221019 17:47:59.018" endtime="20221019 17:48:01.524"/>
</kw>
<kw name="Click Button" library="SeleniumLibrary">
<arg>${BM_openAcc_tab_process_Btn}</arg>
<doc>Clicks the button identified by ``locator``.</doc>
<msg timestamp="20221019 17:48:01.524" level="INFO">Clicking button 'xpath://button[text()='Process']'.</msg>
<status status="PASS" starttime="20221019 17:48:01.524" endtime="20221019 17:48:04.067"/>
</kw>
<kw name="Capture Page Screenshot" library="SeleniumLibrary">
<arg>../Results_negativeScenarios/${TEST NAME}.png</arg>
<doc>Takes a screenshot of the current page and embeds it into a log file.</doc>
<msg timestamp="20221019 17:48:04.853" level="INFO" html="true">&lt;/td&gt;&lt;/tr&gt;&lt;tr&gt;&lt;td colspan="3"&gt;&lt;a href="TC1_BankManager_workflow_negative.png"&gt;&lt;img src="TC1_BankManager_workflow_negative.png" width="800px"&gt;&lt;/a&gt;</msg>
<status status="PASS" starttime="20221019 17:48:04.067" endtime="20221019 17:48:04.853"/>
</kw>
<status status="PASS" starttime="20221019 17:47:53.843" endtime="20221019 17:48:04.854"/>
</kw>
<kw name="check if table does not contain incorrect entries" library="Resources">
<arg>${FNAME}</arg>
<arg>${LNAME}</arg>
<kw name="Click Button" library="SeleniumLibrary">
<arg>${BM_CxList_tab}</arg>
<doc>Clicks the button identified by ``locator``.</doc>
<msg timestamp="20221019 17:48:04.855" level="INFO">Clicking button 'xpath://button[contains(text(), 'Customers')]'.</msg>
<status status="PASS" starttime="20221019 17:48:04.855" endtime="20221019 17:48:07.494"/>
</kw>
<kw name="Catenate" library="BuiltIn">
<var>${fullName}</var>
<arg>${fName}</arg>
<arg>${lName}</arg>
<doc>Catenates the given items together and returns the resulted string.</doc>
<msg timestamp="20221019 17:48:07.494" level="INFO">${fullName} =  Fisher</msg>
<status status="PASS" starttime="20221019 17:48:07.494" endtime="20221019 17:48:07.494"/>
</kw>
<kw name="Input Text" library="SeleniumLibrary">
<arg>${BM_CxList_tab_searchBox}</arg>
<arg>${fullName}</arg>
<doc>Types the given ``text`` into the text field identified by ``locator``.</doc>
<msg timestamp="20221019 17:48:07.494" level="INFO">Typing text ' Fisher' into text field 'xpath://input[@placeholder='Search Customer']'.</msg>
<status status="PASS" starttime="20221019 17:48:07.494" endtime="20221019 17:48:09.097"/>
</kw>
<kw name="Table Row Should Contain" library="SeleniumLibrary">
<arg>${BM_CxList_tab_CxTable}</arg>
<arg>1</arg>
<arg>${EMPTY}</arg>
<doc>Verifies that table row contains text ``expected``.</doc>
<status status="PASS" starttime="20221019 17:48:09.097" endtime="20221019 17:48:11.139"/>
</kw>
<status status="PASS" starttime="20221019 17:48:04.854" endtime="20221019 17:48:11.139"/>
</kw>
<status status="PASS" starttime="20221019 17:47:37.331" endtime="20221019 17:48:11.139"/>
</kw>
<tag>Bank_manager_negative_workflow</tag>
<status status="PASS" starttime="20221019 17:47:37.328" endtime="20221019 17:48:11.139"/>
</test>
<test id="s1-t2" name="TC1_BankManager_workflow_negative" line="16">
<kw name="Bank manager operations">
<arg>Vishal</arg>
<arg>${EMPTY}</arg>
<arg>67890</arg>
<arg>Dollar</arg>
<kw name="Maximize Browser Window" library="SeleniumLibrary">
<doc>Maximizes current browser window.</doc>
<status status="PASS" starttime="20221019 17:48:11.139" endtime="20221019 17:48:11.640"/>
</kw>
<kw name="Set Selenium Implicit Wait" library="SeleniumLibrary">
<arg>3 seconds</arg>
<doc>Sets the implicit wait value used by Selenium.</doc>
<status status="PASS" starttime="20221019 17:48:11.640" endtime="20221019 17:48:12.141"/>
</kw>
<kw name="Set Selenium Speed" library="SeleniumLibrary">
<arg>0.5 seconds</arg>
<doc>Sets the delay that is waited after each Selenium command.</doc>
<status status="PASS" starttime="20221019 17:48:12.141" endtime="20221019 17:48:12.141"/>
</kw>
<kw name="Set Selenium Timeout" library="SeleniumLibrary">
<arg>5 seconds</arg>
<doc>Sets the timeout that is used by various keywords.</doc>
<status status="PASS" starttime="20221019 17:48:12.141" endtime="20221019 17:48:12.643"/>
</kw>
<kw name="go to home" library="Resources">
<kw name="Click Button" library="SeleniumLibrary">
<arg>${Home_btn}</arg>
<doc>Clicks the button identified by ``locator``.</doc>
<msg timestamp="20221019 17:48:12.643" level="INFO">Clicking button 'xpath://button[text()='Home']'.</msg>
<status status="PASS" starttime="20221019 17:48:12.643" endtime="20221019 17:48:15.197"/>
</kw>
<status status="PASS" starttime="20221019 17:48:12.643" endtime="20221019 17:48:15.197"/>
</kw>
<kw name="login as bank manager" library="Resources">
<kw name="Click Button" library="SeleniumLibrary">
<arg>${BM_login_btn}</arg>
<doc>Clicks the button identified by ``locator``.</doc>
<msg timestamp="20221019 17:48:15.197" level="INFO">Clicking button 'xpath://button[@ng-click='manager()']'.</msg>
<status status="PASS" starttime="20221019 17:48:15.197" endtime="20221019 17:48:17.755"/>
</kw>
<status status="PASS" starttime="20221019 17:48:15.197" endtime="20221019 17:48:17.755"/>
</kw>
<kw name="check alert for empty fields in add customer tab" library="Resources">
<arg>${FNAME}</arg>
<arg>${LNAME}</arg>
<arg>${PINCODE}</arg>
<kw name="Click Button" library="SeleniumLibrary">
<arg>${BM_addCx_tab}</arg>
<doc>Clicks the button identified by ``locator``.</doc>
<msg timestamp="20221019 17:48:17.755" level="INFO">Clicking button 'xpath://button[contains(text(), 'Add Customer')]'.</msg>
<status status="PASS" starttime="20221019 17:48:17.755" endtime="20221019 17:48:20.309"/>
</kw>
<kw name="Input Text" library="SeleniumLibrary">
<arg>${BM_addCx_tab_fName}</arg>
<arg>${fName}</arg>
<doc>Types the given ``text`` into the text field identified by ``locator``.</doc>
<msg timestamp="20221019 17:48:20.309" level="INFO">Typing text 'Vishal' into text field 'xpath://input[@placeholder='First Name']'.</msg>
<status status="PASS" starttime="20221019 17:48:20.309" endtime="20221019 17:48:21.882"/>
</kw>
<kw name="Input Text" library="SeleniumLibrary">
<arg>${BM_addCx_tab_lName}</arg>
<arg>${lName}</arg>
<doc>Types the given ``text`` into the text field identified by ``locator``.</doc>
<msg timestamp="20221019 17:48:21.882" level="INFO">Typing text '' into text field 'xpath://input[@placeholder='Last Name']'.</msg>
<status status="PASS" starttime="20221019 17:48:21.882" endtime="20221019 17:48:23.470"/>
</kw>
<kw name="Input Text" library="SeleniumLibrary">
<arg>${BM_addCx_tab_postCode}</arg>
<arg>${pincode}</arg>
<doc>Types the given ``text`` into the text field identified by ``locator``.</doc>
<msg timestamp="20221019 17:48:23.470" level="INFO">Typing text '67890' into text field 'xpath://input[@placeholder='Post Code']'.</msg>
<status status="PASS" starttime="20221019 17:48:23.470" endtime="20221019 17:48:25.035"/>
</kw>
<kw name="Click Button" library="SeleniumLibrary">
<arg>${BM_addCx_tab_btn}</arg>
<doc>Clicks the button identified by ``locator``.</doc>
<msg timestamp="20221019 17:48:25.035" level="INFO">Clicking button 'xpath://button[text()='Add Customer']'.</msg>
<status status="PASS" starttime="20221019 17:48:25.035" endtime="20221019 17:48:27.586"/>
</kw>
<kw name="Capture Page Screenshot" library="SeleniumLibrary">
<arg>../Results_negativeScenarios/${TEST NAME}.png</arg>
<doc>Takes a screenshot of the current page and embeds it into a log file.</doc>
<msg timestamp="20221019 17:48:28.296" level="INFO" html="true">&lt;/td&gt;&lt;/tr&gt;&lt;tr&gt;&lt;td colspan="3"&gt;&lt;a href="TC1_BankManager_workflow_negative.png"&gt;&lt;img src="TC1_BankManager_workflow_negative.png" width="800px"&gt;&lt;/a&gt;</msg>
<status status="PASS" starttime="20221019 17:48:27.586" endtime="20221019 17:48:28.296"/>
</kw>
<status status="PASS" starttime="20221019 17:48:17.755" endtime="20221019 17:48:28.296"/>
</kw>
<kw name="check alert for empty fields in open account tab" library="Resources">
<arg>${FNAME}</arg>
<arg>${LNAME}</arg>
<arg>${CURRENCY}</arg>
<kw name="Click Button" library="SeleniumLibrary">
<arg>${BM_openAcc_tab}</arg>
<doc>Clicks the button identified by ``locator``.</doc>
<msg timestamp="20221019 17:48:28.298" level="INFO">Clicking button 'xpath://button[contains(text(), 'Open Account')]'.</msg>
<status status="PASS" starttime="20221019 17:48:28.297" endtime="20221019 17:48:30.910"/>
</kw>
<kw name="Select From List By Label" library="SeleniumLibrary">
<arg>${BM_openAcc_tab_CxDropDownName}</arg>
<arg>---Customer Name---</arg>
<doc>Selects options from selection list ``locator`` by ``labels``.</doc>
<msg timestamp="20221019 17:48:30.910" level="INFO">Selecting options from selection list 'userSelect' by label ---Customer Name---.</msg>
<status status="PASS" starttime="20221019 17:48:30.910" endtime="20221019 17:48:33.417"/>
</kw>
<kw name="Select From List By Label" library="SeleniumLibrary">
<arg>${BM_openAcc_tab_currencyListName}</arg>
<arg>---Currency---</arg>
<doc>Selects options from selection list ``locator`` by ``labels``.</doc>
<msg timestamp="20221019 17:48:33.417" level="INFO">Selecting options from selection list 'currency' by label ---Currency---.</msg>
<status status="PASS" starttime="20221019 17:48:33.417" endtime="20221019 17:48:35.940"/>
</kw>
<kw name="Click Button" library="SeleniumLibrary">
<arg>${BM_openAcc_tab_process_Btn}</arg>
<doc>Clicks the button identified by ``locator``.</doc>
<msg timestamp="20221019 17:48:35.940" level="INFO">Clicking button 'xpath://button[text()='Process']'.</msg>
<status status="PASS" starttime="20221019 17:48:35.940" endtime="20221019 17:48:38.490"/>
</kw>
<kw name="Capture Page Screenshot" library="SeleniumLibrary">
<arg>../Results_negativeScenarios/${TEST NAME}.png</arg>
<doc>Takes a screenshot of the current page and embeds it into a log file.</doc>
<msg timestamp="20221019 17:48:39.195" level="INFO" html="true">&lt;/td&gt;&lt;/tr&gt;&lt;tr&gt;&lt;td colspan="3"&gt;&lt;a href="TC1_BankManager_workflow_negative.png"&gt;&lt;img src="TC1_BankManager_workflow_negative.png" width="800px"&gt;&lt;/a&gt;</msg>
<status status="PASS" starttime="20221019 17:48:38.490" endtime="20221019 17:48:39.195"/>
</kw>
<status status="PASS" starttime="20221019 17:48:28.297" endtime="20221019 17:48:39.196"/>
</kw>
<kw name="check if table does not contain incorrect entries" library="Resources">
<arg>${FNAME}</arg>
<arg>${LNAME}</arg>
<kw name="Click Button" library="SeleniumLibrary">
<arg>${BM_CxList_tab}</arg>
<doc>Clicks the button identified by ``locator``.</doc>
<msg timestamp="20221019 17:48:39.197" level="INFO">Clicking button 'xpath://button[contains(text(), 'Customers')]'.</msg>
<status status="PASS" starttime="20221019 17:48:39.196" endtime="20221019 17:48:41.815"/>
</kw>
<kw name="Catenate" library="BuiltIn">
<var>${fullName}</var>
<arg>${fName}</arg>
<arg>${lName}</arg>
<doc>Catenates the given items together and returns the resulted string.</doc>
<msg timestamp="20221019 17:48:41.815" level="INFO">${fullName} = Vishal </msg>
<status status="PASS" starttime="20221019 17:48:41.815" endtime="20221019 17:48:41.815"/>
</kw>
<kw name="Input Text" library="SeleniumLibrary">
<arg>${BM_CxList_tab_searchBox}</arg>
<arg>${fullName}</arg>
<doc>Types the given ``text`` into the text field identified by ``locator``.</doc>
<msg timestamp="20221019 17:48:41.815" level="INFO">Typing text 'Vishal ' into text field 'xpath://input[@placeholder='Search Customer']'.</msg>
<status status="PASS" starttime="20221019 17:48:41.815" endtime="20221019 17:48:43.403"/>
</kw>
<kw name="Table Row Should Contain" library="SeleniumLibrary">
<arg>${BM_CxList_tab_CxTable}</arg>
<arg>1</arg>
<arg>${EMPTY}</arg>
<doc>Verifies that table row contains text ``expected``.</doc>
<status status="PASS" starttime="20221019 17:48:43.403" endtime="20221019 17:48:45.423"/>
</kw>
<status status="PASS" starttime="20221019 17:48:39.196" endtime="20221019 17:48:45.423"/>
</kw>
<status status="PASS" starttime="20221019 17:48:11.139" endtime="20221019 17:48:45.423"/>
</kw>
<tag>Bank_manager_negative_workflow</tag>
<status status="PASS" starttime="20221019 17:48:11.139" endtime="20221019 17:48:45.423"/>
</test>
<test id="s1-t3" name="TC1_BankManager_workflow_negative" line="16">
<kw name="Bank manager operations">
<arg>Ram</arg>
<arg>Kapoor</arg>
<arg>${EMPTY}</arg>
<arg>Pound</arg>
<kw name="Maximize Browser Window" library="SeleniumLibrary">
<doc>Maximizes current browser window.</doc>
<status status="PASS" starttime="20221019 17:48:45.423" endtime="20221019 17:48:45.924"/>
</kw>
<kw name="Set Selenium Implicit Wait" library="SeleniumLibrary">
<arg>3 seconds</arg>
<doc>Sets the implicit wait value used by Selenium.</doc>
<status status="PASS" starttime="20221019 17:48:45.924" endtime="20221019 17:48:46.424"/>
</kw>
<kw name="Set Selenium Speed" library="SeleniumLibrary">
<arg>0.5 seconds</arg>
<doc>Sets the delay that is waited after each Selenium command.</doc>
<status status="PASS" starttime="20221019 17:48:46.424" endtime="20221019 17:48:46.424"/>
</kw>
<kw name="Set Selenium Timeout" library="SeleniumLibrary">
<arg>5 seconds</arg>
<doc>Sets the timeout that is used by various keywords.</doc>
<status status="PASS" starttime="20221019 17:48:46.424" endtime="20221019 17:48:46.926"/>
</kw>
<kw name="go to home" library="Resources">
<kw name="Click Button" library="SeleniumLibrary">
<arg>${Home_btn}</arg>
<doc>Clicks the button identified by ``locator``.</doc>
<msg timestamp="20221019 17:48:46.926" level="INFO">Clicking button 'xpath://button[text()='Home']'.</msg>
<status status="PASS" starttime="20221019 17:48:46.926" endtime="20221019 17:48:49.478"/>
</kw>
<status status="PASS" starttime="20221019 17:48:46.926" endtime="20221019 17:48:49.478"/>
</kw>
<kw name="login as bank manager" library="Resources">
<kw name="Click Button" library="SeleniumLibrary">
<arg>${BM_login_btn}</arg>
<doc>Clicks the button identified by ``locator``.</doc>
<msg timestamp="20221019 17:48:49.478" level="INFO">Clicking button 'xpath://button[@ng-click='manager()']'.</msg>
<status status="PASS" starttime="20221019 17:48:49.478" endtime="20221019 17:48:52.037"/>
</kw>
<status status="PASS" starttime="20221019 17:48:49.478" endtime="20221019 17:48:52.037"/>
</kw>
<kw name="check alert for empty fields in add customer tab" library="Resources">
<arg>${FNAME}</arg>
<arg>${LNAME}</arg>
<arg>${PINCODE}</arg>
<kw name="Click Button" library="SeleniumLibrary">
<arg>${BM_addCx_tab}</arg>
<doc>Clicks the button identified by ``locator``.</doc>
<msg timestamp="20221019 17:48:52.037" level="INFO">Clicking button 'xpath://button[contains(text(), 'Add Customer')]'.</msg>
<status status="PASS" starttime="20221019 17:48:52.037" endtime="20221019 17:48:54.607"/>
</kw>
<kw name="Input Text" library="SeleniumLibrary">
<arg>${BM_addCx_tab_fName}</arg>
<arg>${fName}</arg>
<doc>Types the given ``text`` into the text field identified by ``locator``.</doc>
<msg timestamp="20221019 17:48:54.607" level="INFO">Typing text 'Ram' into text field 'xpath://input[@placeholder='First Name']'.</msg>
<status status="PASS" starttime="20221019 17:48:54.607" endtime="20221019 17:48:56.232"/>
</kw>
<kw name="Input Text" library="SeleniumLibrary">
<arg>${BM_addCx_tab_lName}</arg>
<arg>${lName}</arg>
<doc>Types the given ``text`` into the text field identified by ``locator``.</doc>
<msg timestamp="20221019 17:48:56.232" level="INFO">Typing text 'Kapoor' into text field 'xpath://input[@placeholder='Last Name']'.</msg>
<status status="PASS" starttime="20221019 17:48:56.232" endtime="20221019 17:48:57.835"/>
</kw>
<kw name="Input Text" library="SeleniumLibrary">
<arg>${BM_addCx_tab_postCode}</arg>
<arg>${pincode}</arg>
<doc>Types the given ``text`` into the text field identified by ``locator``.</doc>
<msg timestamp="20221019 17:48:57.835" level="INFO">Typing text '' into text field 'xpath://input[@placeholder='Post Code']'.</msg>
<status status="PASS" starttime="20221019 17:48:57.835" endtime="20221019 17:48:59.418"/>
</kw>
<kw name="Click Button" library="SeleniumLibrary">
<arg>${BM_addCx_tab_btn}</arg>
<doc>Clicks the button identified by ``locator``.</doc>
<msg timestamp="20221019 17:48:59.418" level="INFO">Clicking button 'xpath://button[text()='Add Customer']'.</msg>
<status status="PASS" starttime="20221019 17:48:59.418" endtime="20221019 17:49:01.988"/>
</kw>
<kw name="Capture Page Screenshot" library="SeleniumLibrary">
<arg>../Results_negativeScenarios/${TEST NAME}.png</arg>
<doc>Takes a screenshot of the current page and embeds it into a log file.</doc>
<msg timestamp="20221019 17:49:02.700" level="INFO" html="true">&lt;/td&gt;&lt;/tr&gt;&lt;tr&gt;&lt;td colspan="3"&gt;&lt;a href="TC1_BankManager_workflow_negative.png"&gt;&lt;img src="TC1_BankManager_workflow_negative.png" width="800px"&gt;&lt;/a&gt;</msg>
<status status="PASS" starttime="20221019 17:49:01.988" endtime="20221019 17:49:02.701"/>
</kw>
<status status="PASS" starttime="20221019 17:48:52.037" endtime="20221019 17:49:02.701"/>
</kw>
<kw name="check alert for empty fields in open account tab" library="Resources">
<arg>${FNAME}</arg>
<arg>${LNAME}</arg>
<arg>${CURRENCY}</arg>
<kw name="Click Button" library="SeleniumLibrary">
<arg>${BM_openAcc_tab}</arg>
<doc>Clicks the button identified by ``locator``.</doc>
<msg timestamp="20221019 17:49:02.702" level="INFO">Clicking button 'xpath://button[contains(text(), 'Open Account')]'.</msg>
<status status="PASS" starttime="20221019 17:49:02.702" endtime="20221019 17:49:05.342"/>
</kw>
<kw name="Select From List By Label" library="SeleniumLibrary">
<arg>${BM_openAcc_tab_CxDropDownName}</arg>
<arg>---Customer Name---</arg>
<doc>Selects options from selection list ``locator`` by ``labels``.</doc>
<msg timestamp="20221019 17:49:05.342" level="INFO">Selecting options from selection list 'userSelect' by label ---Customer Name---.</msg>
<status status="PASS" starttime="20221019 17:49:05.342" endtime="20221019 17:49:07.888"/>
</kw>
<kw name="Select From List By Label" library="SeleniumLibrary">
<arg>${BM_openAcc_tab_currencyListName}</arg>
<arg>---Currency---</arg>
<doc>Selects options from selection list ``locator`` by ``labels``.</doc>
<msg timestamp="20221019 17:49:07.888" level="INFO">Selecting options from selection list 'currency' by label ---Currency---.</msg>
<status status="PASS" starttime="20221019 17:49:07.888" endtime="20221019 17:49:10.394"/>
</kw>
<kw name="Click Button" library="SeleniumLibrary">
<arg>${BM_openAcc_tab_process_Btn}</arg>
<doc>Clicks the button identified by ``locator``.</doc>
<msg timestamp="20221019 17:49:10.394" level="INFO">Clicking button 'xpath://button[text()='Process']'.</msg>
<status status="PASS" starttime="20221019 17:49:10.394" endtime="20221019 17:49:12.948"/>
</kw>
<kw name="Capture Page Screenshot" library="SeleniumLibrary">
<arg>../Results_negativeScenarios/${TEST NAME}.png</arg>
<doc>Takes a screenshot of the current page and embeds it into a log file.</doc>
<msg timestamp="20221019 17:49:13.660" level="INFO" html="true">&lt;/td&gt;&lt;/tr&gt;&lt;tr&gt;&lt;td colspan="3"&gt;&lt;a href="TC1_BankManager_workflow_negative.png"&gt;&lt;img src="TC1_BankManager_workflow_negative.png" width="800px"&gt;&lt;/a&gt;</msg>
<status status="PASS" starttime="20221019 17:49:12.948" endtime="20221019 17:49:13.660"/>
</kw>
<status status="PASS" starttime="20221019 17:49:02.701" endtime="20221019 17:49:13.660"/>
</kw>
<kw name="check if table does not contain incorrect entries" library="Resources">
<arg>${FNAME}</arg>
<arg>${LNAME}</arg>
<kw name="Click Button" library="SeleniumLibrary">
<arg>${BM_CxList_tab}</arg>
<doc>Clicks the button identified by ``locator``.</doc>
<msg timestamp="20221019 17:49:13.663" level="INFO">Clicking button 'xpath://button[contains(text(), 'Customers')]'.</msg>
<status status="PASS" starttime="20221019 17:49:13.662" endtime="20221019 17:49:16.285"/>
</kw>
<kw name="Catenate" library="BuiltIn">
<var>${fullName}</var>
<arg>${fName}</arg>
<arg>${lName}</arg>
<doc>Catenates the given items together and returns the resulted string.</doc>
<msg timestamp="20221019 17:49:16.285" level="INFO">${fullName} = Ram Kapoor</msg>
<status status="PASS" starttime="20221019 17:49:16.285" endtime="20221019 17:49:16.285"/>
</kw>
<kw name="Input Text" library="SeleniumLibrary">
<arg>${BM_CxList_tab_searchBox}</arg>
<arg>${fullName}</arg>
<doc>Types the given ``text`` into the text field identified by ``locator``.</doc>
<msg timestamp="20221019 17:49:16.285" level="INFO">Typing text 'Ram Kapoor' into text field 'xpath://input[@placeholder='Search Customer']'.</msg>
<status status="PASS" starttime="20221019 17:49:16.285" endtime="20221019 17:49:17.889"/>
</kw>
<kw name="Table Row Should Contain" library="SeleniumLibrary">
<arg>${BM_CxList_tab_CxTable}</arg>
<arg>1</arg>
<arg>${EMPTY}</arg>
<doc>Verifies that table row contains text ``expected``.</doc>
<status status="PASS" starttime="20221019 17:49:17.889" endtime="20221019 17:49:19.909"/>
</kw>
<status status="PASS" starttime="20221019 17:49:13.661" endtime="20221019 17:49:19.909"/>
</kw>
<status status="PASS" starttime="20221019 17:48:45.423" endtime="20221019 17:49:19.909"/>
</kw>
<tag>Bank_manager_negative_workflow</tag>
<status status="PASS" starttime="20221019 17:48:45.423" endtime="20221019 17:49:19.909"/>
</test>
<kw name="close browser session" library="Resources" type="TEARDOWN">
<kw name="Close All Browsers" library="SeleniumLibrary">
<doc>Closes all open browsers and resets the browser cache.</doc>
<status status="PASS" starttime="20221019 17:49:19.909" endtime="20221019 17:49:22.546"/>
</kw>
<status status="PASS" starttime="20221019 17:49:19.909" endtime="20221019 17:49:22.546"/>
</kw>
<status status="PASS" starttime="20221019 17:47:31.875" endtime="20221019 17:49:22.546"/>
</suite>
<statistics>
<total>
<stat pass="3" fail="0" skip="0">All Tests</stat>
</total>
<tag>
<stat pass="3" fail="0" skip="0">Bank_manager_negative_workflow</stat>
</tag>
<suite>
<stat pass="3" fail="0" skip="0" id="s1" name="BankOperations negativeScenarios">BankOperations negativeScenarios</stat>
</suite>
</statistics>
<errors>
<msg timestamp="20221019 17:48:11.139" level="WARN">Multiple tests with name 'TC1_BankManager_workflow_negative' executed in suite 'BankOperations negativeScenarios'.</msg>
<msg timestamp="20221019 17:48:45.423" level="WARN">Multiple tests with name 'TC1_BankManager_workflow_negative' executed in suite 'BankOperations negativeScenarios'.</msg>
</errors>
</robot>
