<?xml version="1.0" encoding="UTF-8"?>
<robot generator="Robot 5.0.1 (Python 3.7.4 on win32)" generated="20221020 10:41:50.815" rpa="false" schemaversion="3">
<suite id="s1" name="Test" source="C:\Users\Z0042JXJ\Desktop\Self-study\TestingBankOperations\test.robot">
<test id="s1-t1" name="sample" line="2">
<if>
<branch type="IF" condition="100 &gt; 0">
<kw name="Log To Console" library="BuiltIn">
<arg>abc</arg>
<doc>Logs the given message to the console.</doc>
<status status="PASS" starttime="20221020 10:41:50.846" endtime="20221020 10:41:50.847"/>
</kw>
<status status="PASS" starttime="20221020 10:41:50.846" endtime="20221020 10:41:50.847"/>
</branch>
<status status="PASS" starttime="20221020 10:41:50.846" endtime="20221020 10:41:50.847"/>
</if>
<status status="PASS" starttime="20221020 10:41:50.846" endtime="20221020 10:41:50.848"/>
</test>
<status status="PASS" starttime="20221020 10:41:50.817" endtime="20221020 10:41:50.849"/>
</suite>
<statistics>
<total>
<stat pass="1" fail="0" skip="0">All Tests</stat>
</total>
<tag>
</tag>
<suite>
<stat pass="1" fail="0" skip="0" id="s1" name="Test">Test</stat>
</suite>
</statistics>
<errors>
</errors>
</robot>
